[    1209ms] [LOG]  Initializing Smart Data Protector @ https://privacy-proxy.usercentrics.eu/latest/uc-block.bundle.js:0
[    1861ms] [LOG] article: Wie funktioniert Periodenunterwäsche? @ https://buy.thefemalecompany.com/:18911
[    1863ms] [LOG] article: Das verrät die Farbe deines Periodenbluts @ https://buy.thefemalecompany.com/:18921
[    1865ms] [LOG] article: Vulva oder Vagina? Der Unterschied! @ https://buy.thefemalecompany.com/:18931
[    1945ms] [WARNING] In a sandboxed environment, addEventListener may not behave as expected. @ https://buy.thefemalecompany.com/cdn/wpm/sa9664f44w6a62cec8p04af10e4mb91e3447m.js:0
[    2000ms] [LOG] BSS scripts loaded @ https://browser.sentry-cdn.com/7.120.4/bundle.tracing.es5.min.js:1
[    2016ms] [WARNING] In a sandboxed environment, addEventListener may not behave as expected. @ https://buy.thefemalecompany.com/cdn/wpm/sa9664f44w6a62cec8p04af10e4mb91e3447m.js:0
[    2155ms] [LOG] [SC Discount Debug] engine-connected {config: Object} @ https://browser.sentry-cdn.com/7.120.4/bundle.tracing.es5.min.js:1
[    2155ms] [LOG] [SC Discount Debug] init-start {} @ https://browser.sentry-cdn.com/7.120.4/bundle.tracing.es5.min.js:1
[    2201ms] [INFO] Run helper.... @ https://browser.sentry-cdn.com/7.120.4/bundle.tracing.es5.min.js:1
[    2224ms] [LOG] productATCs [] @ https://browser.sentry-cdn.com/7.120.4/bundle.tracing.es5.min.js:1
[    2250ms] [LOG] [Klaviyo / Onsite] Initializing. @ https://browser.sentry-cdn.com/7.120.4/bundle.tracing.es5.min.js:1
[    2251ms] [LOG] [Loaded CSS, //a.klaviyo.com/media/css/public/klaviyo_subscribe.css] @ https://browser.sentry-cdn.com/7.120.4/bundle.tracing.es5.min.js:1
[    2252ms] [LOG] [Loaded JS, //cdnjs.cloudflare.com/ajax/libs/jquery.form/3.32/jquery.form.min.js] @ https://browser.sentry-cdn.com/7.120.4/bundle.tracing.es5.min.js:1
[    2259ms] [LOG] AskAIController initGlobal (header icon) @ https://browser.sentry-cdn.com/7.120.4/bundle.tracing.es5.min.js:1
[    2262ms] [LOG] OnYou log: FloatingSearchBarController: Search bar is disabled @ https://browser.sentry-cdn.com/7.120.4/bundle.tracing.es5.min.js:1
[    2263ms] [LOG] OnYou log: ChatBubbleController: Chat bubble is disabled. @ https://browser.sentry-cdn.com/7.120.4/bundle.tracing.es5.min.js:1
[    2263ms] [LOG] AskAIController initGlobal skipped - Ask AI icon not enabled @ https://browser.sentry-cdn.com/7.120.4/bundle.tracing.es5.min.js:1
[    2584ms] [LOG] [SC Discount Debug] cart-fetched {source: ShopifyData.getCart, cart: Object} @ https://browser.sentry-cdn.com/7.120.4/bundle.tracing.es5.min.js:1
[    2584ms] [LOG] [SC Discount Debug] state-built {cart: Object, state: Object} @ https://browser.sentry-cdn.com/7.120.4/bundle.tracing.es5.min.js:1
[    2584ms] [LOG] [SC Discount Debug] state-set {eventName: null, state: Object} @ https://browser.sentry-cdn.com/7.120.4/bundle.tracing.es5.min.js:1
[    2585ms] [LOG] [SC Discount Debug] sync-plan {syncPlan: Object} @ https://browser.sentry-cdn.com/7.120.4/bundle.tracing.es5.min.js:1
[    2722ms] [LOG] Script loaded successfully: https://cdn.shopify.com/extensions/019e6d6b-87ea-756b-a21c-3bbb5e2e9f43/pagefly-page-builder-288/assets/pagefly-htmlvideo2.js @ https://browser.sentry-cdn.com/7.120.4/bundle.tracing.es5.min.js:1
[    3009ms] [LOG] [Waiting for DOM to process queue.] @ https://browser.sentry-cdn.com/7.120.4/bundle.tracing.es5.min.js:1
[    3014ms] [LOG] [Processing queue.] @ https://browser.sentry-cdn.com/7.120.4/bundle.tracing.es5.min.js:1
[    3014ms] [LOG] [Attaching to forms, #footer-newsletter, 1] @ https://browser.sentry-cdn.com/7.120.4/bundle.tracing.es5.min.js:1
[    3015ms] [LOG] [Attached to form, form#footer-newsletter.footer__newsletter-form.form.klaviyo_gdpr_embed_Y79uEj] @ https://browser.sentry-cdn.com/7.120.4/bundle.tracing.es5.min.js:1
[    3062ms] [INFO] Clear-Site-Data header on 'https://buy.thefemalecompany.com/cart/update.js': Cleared data types: "prefetchCache", "prerenderCache". @ https://buy.thefemalecompany.com/:0
[    3149ms] [LOG] [IDENTIFY USER] {language_locale: de, region_locale: de} @ https://browser.sentry-cdn.com/7.120.4/bundle.tracing.es5.min.js:1
[    3175ms] [LOG] [USERCENTRICS CONSENT] Consent event {action: onInitialPageLoad, event: consent_status, type: implicit, ucCategory: Object, Google Ads: true} @ https://browser.sentry-cdn.com/7.120.4/bundle.tracing.es5.min.js:1
[    3282ms] [LOG] [SHOPIFY CONSENT] Attempting consent update {preferences: true, analytics: false, marketing: false} @ https://browser.sentry-cdn.com/7.120.4/bundle.tracing.es5.min.js:1
[    3493ms] [INFO] Clear-Site-Data header on 'https://buy.thefemalecompany.com/cart/update.js': Cleared data types: "prefetchCache", "prerenderCache". @ https://buy.thefemalecompany.com/:0
[    3525ms] [LOG] [SC Discount Debug] state-built {cart: Object, state: Object} @ https://browser.sentry-cdn.com/7.120.4/bundle.tracing.es5.min.js:1
[    3525ms] [LOG] [SC Discount Debug] cart-event-received {source: cart-event, cart: Object, state: Object} @ https://browser.sentry-cdn.com/7.120.4/bundle.tracing.es5.min.js:1
[    3565ms] [LOG] [SHOPIFY CONSENT] Consent updated {marketing: no, analytics: no, preferences: yes, sale_of_data: } @ https://browser.sentry-cdn.com/7.120.4/bundle.tracing.es5.min.js:1
[    3575ms] Identifier 'trustpilot_trustbox_settings' has already been declared
[    4004ms] Uncaught Error: Goaffpro is already loaded. This message prevents duplicate loading of the script. Kindly ignore.
    at <anonymous> (https://cdn.shopify.com/proxy/0f02ad1a61c05ef28ac7709371e92b5f3cb5eed7be34e9d08929795f41c1e0a5/api.goaffpro.com/loader.js?shop=thefemalecompany.myshopify.com&sp-cache-control=cHVibGljLCBtYXgtYWdlPTkwMA:0:49)
