[     462ms] [ERROR] Failed to load resource: the server responded with a status of 404 () @ https://www.berlinskin.com/policies/legal-notice:0
[     521ms] [WARNING] Failed parsing 'srcset' attribute value since its 'w' descriptor is invalid. @ :0
[     521ms] [WARNING] Dropped srcset candidate "//www.berlinskin.com/cdn/shop/files/Sandalwood_E_Comm.png?v=1715274326&width=51" @ :0
[     521ms] [WARNING] Failed parsing 'srcset' attribute value since its 'w' descriptor is invalid. @ :0
[     521ms] [WARNING] Dropped srcset candidate "//www.berlinskin.com/cdn/shop/files/Sandalwood_E_Comm.png?v=1715274326&width=77" @ :0
[     521ms] [WARNING] Failed parsing 'srcset' attribute value since its 'w' descriptor is invalid. @ :0
[     521ms] [WARNING] Dropped srcset candidate "//www.berlinskin.com/cdn/shop/files/Sandalwood_E_Comm.png?v=1715274326&width=103" @ :0
[     521ms] [WARNING] Failed parsing 'srcset' attribute value since its 'w' descriptor is invalid. @ :0
[     521ms] [WARNING] Dropped srcset candidate "//www.berlinskin.com/cdn/shop/files/Sandalwood_E_Comm.png?v=1715274326&width=51" @ :0
[     521ms] [WARNING] Failed parsing 'srcset' attribute value since its 'w' descriptor is invalid. @ :0
[     521ms] [WARNING] Dropped srcset candidate "//www.berlinskin.com/cdn/shop/files/Sandalwood_E_Comm.png?v=1715274326&width=77" @ :0
[     521ms] [WARNING] Failed parsing 'srcset' attribute value since its 'w' descriptor is invalid. @ :0
[     521ms] [WARNING] Dropped srcset candidate "//www.berlinskin.com/cdn/shop/files/Sandalwood_E_Comm.png?v=1715274326&width=103" @ :0
[     521ms] [WARNING] Failed parsing 'srcset' attribute value since its 'w' descriptor is invalid. @ :0
[     521ms] [WARNING] Dropped srcset candidate "//www.berlinskin.com/cdn/shop/files/Sandalwood_E_Comm.png?v=1715274326&width=51" @ :0
[     521ms] [WARNING] Failed parsing 'srcset' attribute value since its 'w' descriptor is invalid. @ :0
[     521ms] [WARNING] Dropped srcset candidate "//www.berlinskin.com/cdn/shop/files/Sandalwood_E_Comm.png?v=1715274326&width=77" @ :0
[     521ms] [WARNING] Failed parsing 'srcset' attribute value since its 'w' descriptor is invalid. @ :0
[     521ms] [WARNING] Dropped srcset candidate "//www.berlinskin.com/cdn/shop/files/Sandalwood_E_Comm.png?v=1715274326&width=103" @ :0
[     521ms] [WARNING] Failed parsing 'srcset' attribute value since its 'w' descriptor is invalid. @ :0
[     521ms] [WARNING] Dropped srcset candidate "//www.berlinskin.com/cdn/shop/files/Carrot_Seed_E_Comm.png?v=1715273825&width=51" @ :0
[     521ms] [WARNING] Failed parsing 'srcset' attribute value since its 'w' descriptor is invalid. @ :0
[     521ms] [WARNING] Dropped srcset candidate "//www.berlinskin.com/cdn/shop/files/Carrot_Seed_E_Comm.png?v=1715273825&width=77" @ :0
[     521ms] [WARNING] Failed parsing 'srcset' attribute value since its 'w' descriptor is invalid. @ :0
[     521ms] [WARNING] Dropped srcset candidate "//www.berlinskin.com/cdn/shop/files/Carrot_Seed_E_Comm.png?v=1715273825&width=103" @ :0
[     521ms] [WARNING] Failed parsing 'srcset' attribute value since its 'w' descriptor is invalid. @ :0
[     521ms] [WARNING] Dropped srcset candidate "//www.berlinskin.com/cdn/shop/files/Carrot_Seed_E_Comm.png?v=1715273825&width=51" @ :0
[     521ms] [WARNING] Failed parsing 'srcset' attribute value since its 'w' descriptor is invalid. @ :0
[     521ms] [WARNING] Dropped srcset candidate "//www.berlinskin.com/cdn/shop/files/Carrot_Seed_E_Comm.png?v=1715273825&width=77" @ :0
[     521ms] [WARNING] Failed parsing 'srcset' attribute value since its 'w' descriptor is invalid. @ :0
[     521ms] [WARNING] Dropped srcset candidate "//www.berlinskin.com/cdn/shop/files/Carrot_Seed_E_Comm.png?v=1715273825&width=103" @ :0
[     521ms] [WARNING] Failed parsing 'srcset' attribute value since its 'w' descriptor is invalid. @ :0
[     521ms] [WARNING] Dropped srcset candidate "//www.berlinskin.com/cdn/shop/files/Carrot_Seed_E_Comm.png?v=1715273825&width=51" @ :0
[     521ms] [WARNING] Failed parsing 'srcset' attribute value since its 'w' descriptor is invalid. @ :0
[     521ms] [WARNING] Dropped srcset candidate "//www.berlinskin.com/cdn/shop/files/Carrot_Seed_E_Comm.png?v=1715273825&width=77" @ :0
[     521ms] [WARNING] Failed parsing 'srcset' attribute value since its 'w' descriptor is invalid. @ :0
[     521ms] [WARNING] Dropped srcset candidate "//www.berlinskin.com/cdn/shop/files/Carrot_Seed_E_Comm.png?v=1715273825&width=103" @ :0
[     522ms] [WARNING] Failed parsing 'srcset' attribute value since its 'w' descriptor is invalid. @ :0
[     522ms] [WARNING] Dropped srcset candidate "//www.berlinskin.com/cdn/shop/files/Blue_Tansy_E_Comm.png?v=1715273731&width=51" @ :0
[     522ms] [WARNING] Failed parsing 'srcset' attribute value since its 'w' descriptor is invalid. @ :0
[     522ms] [WARNING] Dropped srcset candidate "//www.berlinskin.com/cdn/shop/files/Blue_Tansy_E_Comm.png?v=1715273731&width=77" @ :0
[     522ms] [WARNING] Failed parsing 'srcset' attribute value since its 'w' descriptor is invalid. @ :0
[     522ms] [WARNING] Dropped srcset candidate "//www.berlinskin.com/cdn/shop/files/Blue_Tansy_E_Comm.png?v=1715273731&width=103" @ :0
[     522ms] [WARNING] Failed parsing 'srcset' attribute value since its 'w' descriptor is invalid. @ :0
[     522ms] [WARNING] Dropped srcset candidate "//www.berlinskin.com/cdn/shop/files/Blue_Tansy_E_Comm.png?v=1715273731&width=51" @ :0
[     522ms] [WARNING] Failed parsing 'srcset' attribute value since its 'w' descriptor is invalid. @ :0
[     522ms] [WARNING] Dropped srcset candidate "//www.berlinskin.com/cdn/shop/files/Blue_Tansy_E_Comm.png?v=1715273731&width=77" @ :0
[     522ms] [WARNING] Failed parsing 'srcset' attribute value since its 'w' descriptor is invalid. @ :0
[     522ms] [WARNING] Dropped srcset candidate "//www.berlinskin.com/cdn/shop/files/Blue_Tansy_E_Comm.png?v=1715273731&width=103" @ :0
[     522ms] [WARNING] Failed parsing 'srcset' attribute value since its 'w' descriptor is invalid. @ :0
[     522ms] [WARNING] Dropped srcset candidate "//www.berlinskin.com/cdn/shop/files/Blue_Tansy_E_Comm.png?v=1715273731&width=51" @ :0
[     522ms] [WARNING] Failed parsing 'srcset' attribute value since its 'w' descriptor is invalid. @ :0
[     522ms] [WARNING] Dropped srcset candidate "//www.berlinskin.com/cdn/shop/files/Blue_Tansy_E_Comm.png?v=1715273731&width=77" @ :0
[     522ms] [WARNING] Failed parsing 'srcset' attribute value since its 'w' descriptor is invalid. @ :0
[     522ms] [WARNING] Dropped srcset candidate "//www.berlinskin.com/cdn/shop/files/Blue_Tansy_E_Comm.png?v=1715273731&width=103" @ :0
[     522ms] [WARNING] Failed parsing 'srcset' attribute value since its 'w' descriptor is invalid. @ :0
[     522ms] [WARNING] Dropped srcset candidate "//www.berlinskin.com/cdn/shop/files/Prickly_Pear_E_Comm.png?v=1715274465&width=51" @ :0
[     522ms] [WARNING] Failed parsing 'srcset' attribute value since its 'w' descriptor is invalid. @ :0
[     522ms] [WARNING] Dropped srcset candidate "//www.berlinskin.com/cdn/shop/files/Prickly_Pear_E_Comm.png?v=1715274465&width=77" @ :0
[     522ms] [WARNING] Failed parsing 'srcset' attribute value since its 'w' descriptor is invalid. @ :0
[     522ms] [WARNING] Dropped srcset candidate "//www.berlinskin.com/cdn/shop/files/Prickly_Pear_E_Comm.png?v=1715274465&width=103" @ :0
[     522ms] [WARNING] Failed parsing 'srcset' attribute value since its 'w' descriptor is invalid. @ :0
[     522ms] [WARNING] Dropped srcset candidate "//www.berlinskin.com/cdn/shop/files/Prickly_Pear_E_Comm.png?v=1715274465&width=51" @ :0
[     522ms] [WARNING] Failed parsing 'srcset' attribute value since its 'w' descriptor is invalid. @ :0
[     522ms] [WARNING] Dropped srcset candidate "//www.berlinskin.com/cdn/shop/files/Prickly_Pear_E_Comm.png?v=1715274465&width=77" @ :0
[     522ms] [WARNING] Failed parsing 'srcset' attribute value since its 'w' descriptor is invalid. @ :0
[     522ms] [WARNING] Dropped srcset candidate "//www.berlinskin.com/cdn/shop/files/Prickly_Pear_E_Comm.png?v=1715274465&width=103" @ :0
[     522ms] [WARNING] Failed parsing 'srcset' attribute value since its 'w' descriptor is invalid. @ :0
[     522ms] [WARNING] Dropped srcset candidate "//www.berlinskin.com/cdn/shop/files/Prickly_Pear_E_Comm.png?v=1715274465&width=51" @ :0
[     522ms] [WARNING] Failed parsing 'srcset' attribute value since its 'w' descriptor is invalid. @ :0
[     522ms] [WARNING] Dropped srcset candidate "//www.berlinskin.com/cdn/shop/files/Prickly_Pear_E_Comm.png?v=1715274465&width=77" @ :0
[     522ms] [WARNING] Failed parsing 'srcset' attribute value since its 'w' descriptor is invalid. @ :0
[     522ms] [WARNING] Dropped srcset candidate "//www.berlinskin.com/cdn/shop/files/Prickly_Pear_E_Comm.png?v=1715274465&width=103" @ :0
[     561ms] [LOG] AvidAI Widgets Script loading... @ https://www.berlinskin.com/cdn/shop/t/20/assets/avidai-widgets.js?v=49317293051524098491756903155:0
[     561ms] [LOG] AvidAI Widgets Script Tag Loaded! @ https://www.berlinskin.com/cdn/shop/t/20/assets/avidai-widgets.js?v=49317293051524098491756903155:0
[     562ms] [LOG] AvidAI Tracking Script loading... @ https://www.berlinskin.com/cdn/shop/t/20/assets/avidai-tracking.js?v=109557227537408175841773175953:0
[     587ms] [LOG] Track It! @ https://www.berlinskin.com/cdn/shop/t/20/assets/avidai-tracking.js?v=109557227537408175841773175953:0
[     627ms] [LOG] jQuery 3.7.0 has been loaded successfully! @ https://www.berlinskin.com/cdn/shop/t/20/assets/avidai-widgets.js?v=49317293051524098491756903155:0
[     630ms] [LOG] Track It! @ https://www.berlinskin.com/cdn/shop/t/20/assets/avidai-tracking.js?v=109557227537408175841773175953:0
[     646ms] [INFO] k-web-pixel-version 1 @ https://www.berlinskin.com/web-pixels/strict/app/web-pixel-1691680812@524f6c1ee37bacdca7657a665bdca589.js:0
[     758ms] [INFO] BOGOS track: cart-events [init-page] init-page @ https://cdn.shopify.com/extensions/019e8b57-5b98-7d58-9c96-888cf21a4b74/freegifts-199/assets/gift.min.js:397
[     768ms] [LOG] %cv7.0.0-beta.20

✅ Lost
✅ Stolen
✅ Damaged

Learn more: https://savedby.io
Dev Email:  dev@savedby.io
 font-size: 14px; @ https://cdn.shopify.com/extensions/019e9983-f4d4-7c75-b10c-81c3ecf565a6/savedby-1-454/assets/v7.0.0-beta.20.js:8
[     877ms] [LOG] 🔵 ELEMENTS 0 Set(0) @ https://cdn.shopify.com/extensions/019e9983-f4d4-7c75-b10c-81c3ecf565a6/savedby-1-454/assets/v7.0.0-beta.20.js:20
[     877ms] [LOG] 🔵 ELEMENTS 1 Set(1) @ https://cdn.shopify.com/extensions/019e9983-f4d4-7c75-b10c-81c3ecf565a6/savedby-1-454/assets/v7.0.0-beta.20.js:20
[     883ms] [TIMEEND] SavedBy ready: 112.301025390625 ms @ https://cdn.shopify.com/extensions/019e9983-f4d4-7c75-b10c-81c3ecf565a6/savedby-1-454/assets/v7.0.0-beta.20.js:25
[     892ms] ReferenceError: tagId is not defined
    at Object.<anonymous> (https://www.berlinskin.com/web-pixels@a9664f44w6a62cec8p04af10e4mb91e3447/custom/web-pixel-79101996@2/sandbox/modern/policies/legal-notice:15:77)
    at ue (https://www.berlinskin.com/web-pixels@a9664f44w6a62cec8p04af10e4mb91e3447/custom/web-pixel-79101996@2/sandbox/modern/policies/legal-notice:7:70490)
    at h (https://www.berlinskin.com/web-pixels@a9664f44w6a62cec8p04af10e4mb91e3447/custom/web-pixel-79101996@2/sandbox/modern/policies/legal-notice:7:71956)
    at o (https://www.berlinskin.com/web-pixels@a9664f44w6a62cec8p04af10e4mb91e3447/custom/web-pixel-79101996@2/sandbox/modern/policies/legal-notice:7:73763)
[    1044ms] [LOG] Track It! @ https://www.berlinskin.com/cdn/shop/t/20/assets/avidai-tracking.js?v=109557227537408175841773175953:0
[    1044ms] [LOG] Track It! @ https://www.berlinskin.com/cdn/shop/t/20/assets/avidai-tracking.js?v=109557227537408175841773175953:0
